*** Using Compiler 'V5.06 update 1 (build 61)', folder: 'D:\KeilMDK5\ARM\ARMCC\Bin'
Build target 'MPU6050'
compiling led.c...
compiling stm32f10x_it.c...
compiling key.c...
compiling system_stm32f10x.c...
compiling mpuiic.c...
compiling main.c...
compiling lcd.c...
compiling mpu6050.c...
compiling core_cm3.c...
compiling delay.c...
compiling inv_mpu.c...
compiling usart.c...
assembling startup_stm32f10x_hd.s...
compiling inv_mpu_dmp_motion_driver.c...
compiling sys.c...
compiling stm32f10x_fsmc.c...
compiling misc.c...
compiling stm32f10x_gpio.c...
compiling stm32f10x_rcc.c...
compiling stm32f10x_usart.c...
compiling stm32f10x_tim.c...
compiling usmart.c...
compiling usmart_str.c...
compiling usmart_config.c...
linking...
Program Size: Code=47078 RO-data=10182 RW-data=444 ZI-data=1868  
FromELF: creating hex file...
"..\OBJ\MPU6050.axf" - 0 Error(s), 0 Warning(s).
Build Time Elapsed:  00:00:14
